<?xml version="1.0" encoding="UTF-8"?>
<!-- Generated by org.testng.reporters.JUnitXMLReporter -->
<testsuite hostname="nitunp-L" name="Test of Login Suite" tests="6" failures="0" timestamp="31 Jul 2017 06:25:34 GMT" time="263.253" errors="0">
  <testcase name="tc_Login_1" time="63.934" classname="com.vaticahealth.vatica.testsuits.LoginSuite"/>
  <testcase name="tc_Login_2" time="1.243" classname="com.vaticahealth.vatica.testsuits.LoginSuite"/>
  <testcase name="tc_Login_3" time="1.431" classname="com.vaticahealth.vatica.testsuits.LoginSuite"/>
  <testcase name="tc_Login_4" time="51.24" classname="com.vaticahealth.vatica.testsuits.LoginSuite"/>
  <testcase name="tc_Login_5" time="49.494" classname="com.vaticahealth.vatica.testsuits.LoginSuite"/>
  <testcase name="tc_Login_6" time="3.434" classname="com.vaticahealth.vatica.testsuits.LoginSuite"/>
</testsuite> <!-- Test of Login Suite -->
