<?xml version="1.0" encoding="UTF-8"?>
<!-- Generated by org.testng.reporters.JUnitXMLReporter -->
<testsuite hostname="nitunp-L" name="Test of PPP Suite" tests="8" failures="0" timestamp="31 Jul 2017 07:17:06 GMT" time="812.307" errors="0">
  <testcase name="tc_PPP_1" time="86.498" classname="com.vaticahealth.vatica.testsuits.PPPSuite"/>
  <testcase name="tc_PPP_2" time="76.276" classname="com.vaticahealth.vatica.testsuits.PPPSuite"/>
  <testcase name="tc_PPP_3" time="86.19" classname="com.vaticahealth.vatica.testsuits.PPPSuite"/>
  <testcase name="tc_PPP_4" time="78.317" classname="com.vaticahealth.vatica.testsuits.PPPSuite"/>
  <testcase name="tc_PPP_5" time="75.024" classname="com.vaticahealth.vatica.testsuits.PPPSuite"/>
  <testcase name="tc_PPP_6" time="75.43" classname="com.vaticahealth.vatica.testsuits.PPPSuite"/>
  <testcase name="tc_PPP_7" time="76.749" classname="com.vaticahealth.vatica.testsuits.PPPSuite"/>
  <testcase name="tc_PPP_8" time="98.088" classname="com.vaticahealth.vatica.testsuits.PPPSuite"/>
</testsuite> <!-- Test of PPP Suite -->
