<?xml version="1.0" encoding="UTF-8"?>
<!-- Generated by org.testng.reporters.JUnitXMLReporter -->
<testsuite hostname="nitunp-L" name="Test of Provider Home Page Suite" tests="10" failures="0" timestamp="31 Jul 2017 07:03:33 GMT" time="1176.534" errors="0">
  <testcase name="tc_PHP_1" time="74.062" classname="com.vaticahealth.vatica.testsuits.PHPSuite"/>
  <testcase name="tc_PHP_2" time="107.215" classname="com.vaticahealth.vatica.testsuits.PHPSuite"/>
  <testcase name="tc_PHP_3" time="79.143" classname="com.vaticahealth.vatica.testsuits.PHPSuite"/>
  <testcase name="tc_PHP_4" time="68.988" classname="com.vaticahealth.vatica.testsuits.PHPSuite"/>
  <testcase name="tc_PHP_5" time="72.113" classname="com.vaticahealth.vatica.testsuits.PHPSuite"/>
  <testcase name="tc_PHP_6" time="67.705" classname="com.vaticahealth.vatica.testsuits.PHPSuite"/>
  <testcase name="tc_PHP_7" time="114.531" classname="com.vaticahealth.vatica.testsuits.PHPSuite"/>
  <testcase name="tc_PHP_8" time="107.684" classname="com.vaticahealth.vatica.testsuits.PHPSuite"/>
  <testcase name="tc_PHP_9" time="52.455" classname="com.vaticahealth.vatica.testsuits.PHPSuite"/>
  <testcase name="tc_PHP_10" time="255.138" classname="com.vaticahealth.vatica.testsuits.PHPSuite"/>
</testsuite> <!-- Test of Provider Home Page Suite -->
