<?xml version="1.0" encoding="UTF-8"?>
<!-- Generated by org.testng.reporters.JUnitXMLReporter -->
<testsuite hostname="nitunp-L" name="Test of Smoke Suite" tests="7" failures="0" timestamp="9 Aug 2017 10:04:26 GMT" time="1082.243" errors="0">
  <testcase name="tc_Smoke_1" time="40.445" classname="com.vaticahealth.vatica.testsuits.SmokeSuite"/>
  <testcase name="tc_Smoke_2" time="77.937" classname="com.vaticahealth.vatica.testsuits.SmokeSuite"/>
  <testcase name="tc_Smoke_3" time="275.15" classname="com.vaticahealth.vatica.testsuits.SmokeSuite"/>
  <testcase name="tc_Smoke_4" time="139.563" classname="com.vaticahealth.vatica.testsuits.SmokeSuite"/>
  <testcase name="tc_Smoke_5" time="199.178" classname="com.vaticahealth.vatica.testsuits.SmokeSuite"/>
  <testcase name="tc_Smoke_6" time="195.355" classname="com.vaticahealth.vatica.testsuits.SmokeSuite"/>
  <testcase name="tc_Smoke_7" time="34.588" classname="com.vaticahealth.vatica.testsuits.SmokeSuite"/>
</testsuite> <!-- Test of Smoke Suite -->
