<?xml version="1.0" encoding="UTF-8"?>
<!-- Generated by org.testng.reporters.JUnitXMLReporter -->
<testsuite hostname="nitunp-L" name="Test of Smoke Suite " tests="8" failures="0" timestamp="3 Aug 2017 06:43:40 GMT" time="1194.649" errors="0">
  <testcase name="tc_Smoke_1" time="38.575" classname="com.vaticahealth.vatica.testsuits.SmokeSuite"/>
  <testcase name="tc_Smoke_2" time="70.831" classname="com.vaticahealth.vatica.testsuits.SmokeSuite"/>
  <testcase name="tc_Smoke_3" time="257.39" classname="com.vaticahealth.vatica.testsuits.SmokeSuite"/>
  <testcase name="tc_Smoke_4" time="138.042" classname="com.vaticahealth.vatica.testsuits.SmokeSuite"/>
  <testcase name="tc_Smoke_5" time="199.197" classname="com.vaticahealth.vatica.testsuits.SmokeSuite"/>
  <testcase name="tc_Smoke_6" time="69.813" classname="com.vaticahealth.vatica.testsuits.SmokeSuite">
    <skipped/>
  </testcase> <!-- tc_Smoke_6 -->
  <testcase name="tc_Smoke_6" time="212.339" classname="com.vaticahealth.vatica.testsuits.SmokeSuite"/>
  <testcase name="tc_Smoke_7" time="37.838" classname="com.vaticahealth.vatica.testsuits.SmokeSuite"/>
</testsuite> <!-- Test of Smoke Suite  -->
